

Microchip MPLAB XC8 Assembler V2.31 build 20201012212115 
                                                                                               Wed Jul 21 13:51:59 2021

Microchip MPLAB XC8 C Compiler v2.31 (Free license) build 20201012212115 Og1 
     1                           	processor	16F887
     2                           	pagewidth 120
     3                           	opt	flic
     4                           	psect	idataBANK0,global,class=CODE,delta=2,noexec
     5                           	psect	idataBANK1,global,class=CODE,delta=2,noexec
     6                           	psect	cinit,global,class=CODE,merge=1,delta=2
     7                           	psect	bssCOMMON,global,class=COMMON,space=1,delta=1,noexec
     8                           	psect	bssBANK0,global,class=BANK0,space=1,delta=1,noexec
     9                           	psect	dataBANK0,global,class=BANK0,space=1,delta=1,noexec
    10                           	psect	dataBANK1,global,class=BANK1,space=1,delta=1,noexec
    11                           	psect	inittext,global,class=CODE,delta=2
    12                           	psect	cstackBANK1,global,class=BANK1,space=1,delta=1,noexec
    13                           	psect	cstackCOMMON,global,class=COMMON,space=1,delta=1,noexec
    14                           	psect	cstackBANK0,global,class=BANK0,space=1,delta=1,noexec
    15                           	psect	maintext,global,class=CODE,split=1,delta=2
    16                           	psect	text1,local,class=CODE,merge=1,delta=2
    17                           	psect	text2,local,class=CODE,merge=1,delta=2
    18                           	psect	intentry,global,class=CODE,delta=2
    19                           	psect	text3,local,class=CODE,merge=1,delta=2
    20                           	psect	text4,local,class=CODE,merge=1,delta=2
    21                           	psect	config,global,abs,ovrld,class=CONFIG,space=4,delta=2,noexec
    22                           	dabs	1,0x7E,2
    23  0000                     
    24                           ; Version 2.20
    25                           ; Generated 12/02/2020 GMT
    26                           ; 
    27                           ; Copyright © 2020, Microchip Technology Inc. and its subsidiaries ("Microchip")
    28                           ; All rights reserved.
    29                           ; 
    30                           ; This software is developed by Microchip Technology Inc. and its subsidiaries ("Microch
      +                          ip").
    31                           ; 
    32                           ; Redistribution and use in source and binary forms, with or without modification, are
    33                           ; permitted provided that the following conditions are met:
    34                           ; 
    35                           ;     1. Redistributions of source code must retain the above copyright notice, this lis
      +                          t of
    36                           ;        conditions and the following disclaimer.
    37                           ; 
    38                           ;     2. Redistributions in binary form must reproduce the above copyright notice, this 
      +                          list
    39                           ;        of conditions and the following disclaimer in the documentation and/or other
    40                           ;        materials provided with the distribution.
    41                           ; 
    42                           ;     3. Microchip's name may not be used to endorse or promote products derived from th
      +                          is
    43                           ;        software without specific prior written permission.
    44                           ; 
    45                           ; THIS SOFTWARE IS PROVIDED BY MICROCHIP "AS IS" AND ANY EXPRESS OR IMPLIED WARRANTIES,
    46                           ; INCLUDING, BUT NOT LIMITED TO, THE IMPLIED WARRANTIES OF MERCHANTABILITY AND FITNESS F
      +                          OR
    47                           ; PURPOSE ARE DISCLAIMED.  IN NO EVENT SHALL MICROCHIP BE LIABLE FOR ANY DIRECT, INDIREC
      +                          T,
    48                           ; INCIDENTAL, SPECIAL, EXEMPLARY, OR CONSEQUENTIAL DAMAGES (INCLUDING BUT NOT LIMITED TO
    49                           ; PROCUREMENT OF SUBSTITUTE GOODS OR SERVICES; LOSS OF USE, DATA OR PROFITS; OR BUSINESS
    50                           ; INTERRUPTION) HOWSOEVER CAUSED AND ON ANY THEORY OF LIABILITY, WHETHER IN CONTRACT, ST
      +                          RICT
    51                           ; LIABILITY, OR TORT (INCLUDING NEGLIGENCE OR OTHERWISE) ARISING IN ANY WAY OUT OF THE U
      +                          SE OF
    52                           ; THIS SOFTWARE, EVEN IF ADVISED OF THE POSSIBILITY OF SUCH DAMAGE.
    53                           ; 
    54                           ; 
    55                           ; Code-generator required, PIC16F887 Definitions
    56                           ; 
    57                           ; SFR Addresses
    58  0000                     	;# 
    59  0001                     	;# 
    60  0002                     	;# 
    61  0003                     	;# 
    62  0004                     	;# 
    63  0005                     	;# 
    64  0006                     	;# 
    65  0007                     	;# 
    66  0008                     	;# 
    67  0009                     	;# 
    68  000A                     	;# 
    69  000B                     	;# 
    70  000C                     	;# 
    71  000D                     	;# 
    72  000E                     	;# 
    73  000E                     	;# 
    74  000F                     	;# 
    75  0010                     	;# 
    76  0011                     	;# 
    77  0012                     	;# 
    78  0013                     	;# 
    79  0014                     	;# 
    80  0015                     	;# 
    81  0015                     	;# 
    82  0016                     	;# 
    83  0017                     	;# 
    84  0018                     	;# 
    85  0019                     	;# 
    86  001A                     	;# 
    87  001B                     	;# 
    88  001B                     	;# 
    89  001C                     	;# 
    90  001D                     	;# 
    91  001E                     	;# 
    92  001F                     	;# 
    93  0081                     	;# 
    94  0085                     	;# 
    95  0086                     	;# 
    96  0087                     	;# 
    97  0088                     	;# 
    98  0089                     	;# 
    99  008C                     	;# 
   100  008D                     	;# 
   101  008E                     	;# 
   102  008F                     	;# 
   103  0090                     	;# 
   104  0091                     	;# 
   105  0092                     	;# 
   106  0093                     	;# 
   107  0093                     	;# 
   108  0093                     	;# 
   109  0094                     	;# 
   110  0095                     	;# 
   111  0096                     	;# 
   112  0097                     	;# 
   113  0098                     	;# 
   114  0099                     	;# 
   115  009A                     	;# 
   116  009B                     	;# 
   117  009C                     	;# 
   118  009D                     	;# 
   119  009E                     	;# 
   120  009F                     	;# 
   121  0105                     	;# 
   122  0107                     	;# 
   123  0108                     	;# 
   124  0109                     	;# 
   125  010C                     	;# 
   126  010C                     	;# 
   127  010D                     	;# 
   128  010E                     	;# 
   129  010F                     	;# 
   130  0185                     	;# 
   131  0187                     	;# 
   132  0188                     	;# 
   133  0189                     	;# 
   134  018C                     	;# 
   135  018D                     	;# 
   136  0000                     	;# 
   137  0001                     	;# 
   138  0002                     	;# 
   139  0003                     	;# 
   140  0004                     	;# 
   141  0005                     	;# 
   142  0006                     	;# 
   143  0007                     	;# 
   144  0008                     	;# 
   145  0009                     	;# 
   146  000A                     	;# 
   147  000B                     	;# 
   148  000C                     	;# 
   149  000D                     	;# 
   150  000E                     	;# 
   151  000E                     	;# 
   152  000F                     	;# 
   153  0010                     	;# 
   154  0011                     	;# 
   155  0012                     	;# 
   156  0013                     	;# 
   157  0014                     	;# 
   158  0015                     	;# 
   159  0015                     	;# 
   160  0016                     	;# 
   161  0017                     	;# 
   162  0018                     	;# 
   163  0019                     	;# 
   164  001A                     	;# 
   165  001B                     	;# 
   166  001B                     	;# 
   167  001C                     	;# 
   168  001D                     	;# 
   169  001E                     	;# 
   170  001F                     	;# 
   171  0081                     	;# 
   172  0085                     	;# 
   173  0086                     	;# 
   174  0087                     	;# 
   175  0088                     	;# 
   176  0089                     	;# 
   177  008C                     	;# 
   178  008D                     	;# 
   179  008E                     	;# 
   180  008F                     	;# 
   181  0090                     	;# 
   182  0091                     	;# 
   183  0092                     	;# 
   184  0093                     	;# 
   185  0093                     	;# 
   186  0093                     	;# 
   187  0094                     	;# 
   188  0095                     	;# 
   189  0096                     	;# 
   190  0097                     	;# 
   191  0098                     	;# 
   192  0099                     	;# 
   193  009A                     	;# 
   194  009B                     	;# 
   195  009C                     	;# 
   196  009D                     	;# 
   197  009E                     	;# 
   198  009F                     	;# 
   199  0105                     	;# 
   200  0107                     	;# 
   201  0108                     	;# 
   202  0109                     	;# 
   203  010C                     	;# 
   204  010C                     	;# 
   205  010D                     	;# 
   206  010E                     	;# 
   207  010F                     	;# 
   208  0185                     	;# 
   209  0187                     	;# 
   210  0188                     	;# 
   211  0189                     	;# 
   212  018C                     	;# 
   213  018D                     	;# 
   214  0000                     	;# 
   215  0001                     	;# 
   216  0002                     	;# 
   217  0003                     	;# 
   218  0004                     	;# 
   219  0005                     	;# 
   220  0006                     	;# 
   221  0007                     	;# 
   222  0008                     	;# 
   223  0009                     	;# 
   224  000A                     	;# 
   225  000B                     	;# 
   226  000C                     	;# 
   227  000D                     	;# 
   228  000E                     	;# 
   229  000E                     	;# 
   230  000F                     	;# 
   231  0010                     	;# 
   232  0011                     	;# 
   233  0012                     	;# 
   234  0013                     	;# 
   235  0014                     	;# 
   236  0015                     	;# 
   237  0015                     	;# 
   238  0016                     	;# 
   239  0017                     	;# 
   240  0018                     	;# 
   241  0019                     	;# 
   242  001A                     	;# 
   243  001B                     	;# 
   244  001B                     	;# 
   245  001C                     	;# 
   246  001D                     	;# 
   247  001E                     	;# 
   248  001F                     	;# 
   249  0081                     	;# 
   250  0085                     	;# 
   251  0086                     	;# 
   252  0087                     	;# 
   253  0088                     	;# 
   254  0089                     	;# 
   255  008C                     	;# 
   256  008D                     	;# 
   257  008E                     	;# 
   258  008F                     	;# 
   259  0090                     	;# 
   260  0091                     	;# 
   261  0092                     	;# 
   262  0093                     	;# 
   263  0093                     	;# 
   264  0093                     	;# 
   265  0094                     	;# 
   266  0095                     	;# 
   267  0096                     	;# 
   268  0097                     	;# 
   269  0098                     	;# 
   270  0099                     	;# 
   271  009A                     	;# 
   272  009B                     	;# 
   273  009C                     	;# 
   274  009D                     	;# 
   275  009E                     	;# 
   276  009F                     	;# 
   277  0105                     	;# 
   278  0107                     	;# 
   279  0108                     	;# 
   280  0109                     	;# 
   281  010C                     	;# 
   282  010C                     	;# 
   283  010D                     	;# 
   284  010E                     	;# 
   285  010F                     	;# 
   286  0185                     	;# 
   287  0187                     	;# 
   288  0188                     	;# 
   289  0189                     	;# 
   290  018C                     	;# 
   291  018D                     	;# 
   292  0000                     	;# 
   293  0001                     	;# 
   294  0002                     	;# 
   295  0003                     	;# 
   296  0004                     	;# 
   297  0005                     	;# 
   298  0006                     	;# 
   299  0007                     	;# 
   300  0008                     	;# 
   301  0009                     	;# 
   302  000A                     	;# 
   303  000B                     	;# 
   304  000C                     	;# 
   305  000D                     	;# 
   306  000E                     	;# 
   307  000E                     	;# 
   308  000F                     	;# 
   309  0010                     	;# 
   310  0011                     	;# 
   311  0012                     	;# 
   312  0013                     	;# 
   313  0014                     	;# 
   314  0015                     	;# 
   315  0015                     	;# 
   316  0016                     	;# 
   317  0017                     	;# 
   318  0018                     	;# 
   319  0019                     	;# 
   320  001A                     	;# 
   321  001B                     	;# 
   322  001B                     	;# 
   323  001C                     	;# 
   324  001D                     	;# 
   325  001E                     	;# 
   326  001F                     	;# 
   327  0081                     	;# 
   328  0085                     	;# 
   329  0086                     	;# 
   330  0087                     	;# 
   331  0088                     	;# 
   332  0089                     	;# 
   333  008C                     	;# 
   334  008D                     	;# 
   335  008E                     	;# 
   336  008F                     	;# 
   337  0090                     	;# 
   338  0091                     	;# 
   339  0092                     	;# 
   340  0093                     	;# 
   341  0093                     	;# 
   342  0093                     	;# 
   343  0094                     	;# 
   344  0095                     	;# 
   345  0096                     	;# 
   346  0097                     	;# 
   347  0098                     	;# 
   348  0099                     	;# 
   349  009A                     	;# 
   350  009B                     	;# 
   351  009C                     	;# 
   352  009D                     	;# 
   353  009E                     	;# 
   354  009F                     	;# 
   355  0105                     	;# 
   356  0107                     	;# 
   357  0108                     	;# 
   358  0109                     	;# 
   359  010C                     	;# 
   360  010C                     	;# 
   361  010D                     	;# 
   362  010E                     	;# 
   363  010F                     	;# 
   364  0185                     	;# 
   365  0187                     	;# 
   366  0188                     	;# 
   367  0189                     	;# 
   368  018C                     	;# 
   369  018D                     	;# 
   370  0000                     	;# 
   371  0001                     	;# 
   372  0002                     	;# 
   373  0003                     	;# 
   374  0004                     	;# 
   375  0005                     	;# 
   376  0006                     	;# 
   377  0007                     	;# 
   378  0008                     	;# 
   379  0009                     	;# 
   380  000A                     	;# 
   381  000B                     	;# 
   382  000C                     	;# 
   383  000D                     	;# 
   384  000E                     	;# 
   385  000E                     	;# 
   386  000F                     	;# 
   387  0010                     	;# 
   388  0011                     	;# 
   389  0012                     	;# 
   390  0013                     	;# 
   391  0014                     	;# 
   392  0015                     	;# 
   393  0015                     	;# 
   394  0016                     	;# 
   395  0017                     	;# 
   396  0018                     	;# 
   397  0019                     	;# 
   398  001A                     	;# 
   399  001B                     	;# 
   400  001B                     	;# 
   401  001C                     	;# 
   402  001D                     	;# 
   403  001E                     	;# 
   404  001F                     	;# 
   405  0081                     	;# 
   406  0085                     	;# 
   407  0086                     	;# 
   408  0087                     	;# 
   409  0088                     	;# 
   410  0089                     	;# 
   411  008C                     	;# 
   412  008D                     	;# 
   413  008E                     	;# 
   414  008F                     	;# 
   415  0090                     	;# 
   416  0091                     	;# 
   417  0092                     	;# 
   418  0093                     	;# 
   419  0093                     	;# 
   420  0093                     	;# 
   421  0094                     	;# 
   422  0095                     	;# 
   423  0096                     	;# 
   424  0097                     	;# 
   425  0098                     	;# 
   426  0099                     	;# 
   427  009A                     	;# 
   428  009B                     	;# 
   429  009C                     	;# 
   430  009D                     	;# 
   431  009E                     	;# 
   432  009F                     	;# 
   433  0105                     	;# 
   434  0107                     	;# 
   435  0108                     	;# 
   436  0109                     	;# 
   437  010C                     	;# 
   438  010C                     	;# 
   439  010D                     	;# 
   440  010E                     	;# 
   441  010F                     	;# 
   442  0185                     	;# 
   443  0187                     	;# 
   444  0188                     	;# 
   445  0189                     	;# 
   446  018C                     	;# 
   447  018D                     	;# 
   448  0000                     	;# 
   449  0001                     	;# 
   450  0002                     	;# 
   451  0003                     	;# 
   452  0004                     	;# 
   453  0005                     	;# 
   454  0006                     	;# 
   455  0007                     	;# 
   456  0008                     	;# 
   457  0009                     	;# 
   458  000A                     	;# 
   459  000B                     	;# 
   460  000C                     	;# 
   461  000D                     	;# 
   462  000E                     	;# 
   463  000E                     	;# 
   464  000F                     	;# 
   465  0010                     	;# 
   466  0011                     	;# 
   467  0012                     	;# 
   468  0013                     	;# 
   469  0014                     	;# 
   470  0015                     	;# 
   471  0015                     	;# 
   472  0016                     	;# 
   473  0017                     	;# 
   474  0018                     	;# 
   475  0019                     	;# 
   476  001A                     	;# 
   477  001B                     	;# 
   478  001B                     	;# 
   479  001C                     	;# 
   480  001D                     	;# 
   481  001E                     	;# 
   482  001F                     	;# 
   483  0081                     	;# 
   484  0085                     	;# 
   485  0086                     	;# 
   486  0087                     	;# 
   487  0088                     	;# 
   488  0089                     	;# 
   489  008C                     	;# 
   490  008D                     	;# 
   491  008E                     	;# 
   492  008F                     	;# 
   493  0090                     	;# 
   494  0091                     	;# 
   495  0092                     	;# 
   496  0093                     	;# 
   497  0093                     	;# 
   498  0093                     	;# 
   499  0094                     	;# 
   500  0095                     	;# 
   501  0096                     	;# 
   502  0097                     	;# 
   503  0098                     	;# 
   504  0099                     	;# 
   505  009A                     	;# 
   506  009B                     	;# 
   507  009C                     	;# 
   508  009D                     	;# 
   509  009E                     	;# 
   510  009F                     	;# 
   511  0105                     	;# 
   512  0107                     	;# 
   513  0108                     	;# 
   514  0109                     	;# 
   515  010C                     	;# 
   516  010C                     	;# 
   517  010D                     	;# 
   518  010E                     	;# 
   519  010F                     	;# 
   520  0185                     	;# 
   521  0187                     	;# 
   522  0188                     	;# 
   523  0189                     	;# 
   524  018C                     	;# 
   525  018D                     	;# 
   526                           
   527                           	psect	idataBANK0
   528  0199                     __pidataBANK0:
   529                           
   530                           ;initializer for BCD_DISPLAY@F1449
   531  0199  343F               	retlw	63
   532  019A  3400               	retlw	0
   533  019B  3406               	retlw	6
   534  019C  3400               	retlw	0
   535  019D  345B               	retlw	91
   536  019E  3400               	retlw	0
   537  019F  344F               	retlw	79
   538  01A0  3400               	retlw	0
   539  01A1  3466               	retlw	102
   540  01A2  3400               	retlw	0
   541  01A3  346D               	retlw	109
   542  01A4  3400               	retlw	0
   543  01A5  347D               	retlw	125
   544  01A6  3400               	retlw	0
   545  01A7  3478               	retlw	120
   546  01A8  3400               	retlw	0
   547  01A9  347F               	retlw	127
   548  01AA  3400               	retlw	0
   549  01AB  3467               	retlw	103
   550  01AC  3400               	retlw	0
   551                           
   552                           	psect	idataBANK1
   553  0162                     __pidataBANK1:
   554                           
   555                           ;initializer for BCH_DISPLAY@F1449
   556  0162  343F               	retlw	63
   557  0163  3400               	retlw	0
   558  0164  3406               	retlw	6
   559  0165  3400               	retlw	0
   560  0166  345B               	retlw	91
   561  0167  3400               	retlw	0
   562  0168  344F               	retlw	79
   563  0169  3400               	retlw	0
   564  016A  3466               	retlw	102
   565  016B  3400               	retlw	0
   566  016C  346D               	retlw	109
   567  016D  3400               	retlw	0
   568  016E  347D               	retlw	125
   569  016F  3400               	retlw	0
   570  0170  3407               	retlw	7
   571  0171  3400               	retlw	0
   572  0172  347F               	retlw	127
   573  0173  3400               	retlw	0
   574  0174  3467               	retlw	103
   575  0175  3400               	retlw	0
   576  0176  3477               	retlw	119
   577  0177  3400               	retlw	0
   578  0178  347C               	retlw	124
   579  0179  3400               	retlw	0
   580  017A  3458               	retlw	88
   581  017B  3400               	retlw	0
   582  017C  345E               	retlw	94
   583  017D  3400               	retlw	0
   584  017E  3479               	retlw	121
   585  017F  3400               	retlw	0
   586  0180  3471               	retlw	113
   587  0181  3400               	retlw	0
   588  001E                     _ADRESH	set	30
   589  000C                     _PIR1bits	set	12
   590  000B                     _INTCONbits	set	11
   591  0006                     _PORTB	set	6
   592  0005                     _PORTA	set	5
   593  0005                     _PORTAbits	set	5
   594  0008                     _PORTD	set	8
   595  001F                     _ADCON0bits	set	31
   596  0001                     _TMR0	set	1
   597  0009                     _PORTE	set	9
   598  0007                     _PORTC	set	7
   599  0006                     _PORTBbits	set	6
   600  005A                     _T0IF	set	90
   601  0058                     _RBIF	set	88
   602  0066                     _ADIF	set	102
   603  009F                     _ADCON1bits	set	159
   604  008C                     _PIE1bits	set	140
   605  0095                     _WPUB	set	149
   606  0096                     _IOCB	set	150
   607  0081                     _OPTION_REGbits	set	129
   608  0089                     _TRISE	set	137
   609  0088                     _TRISD	set	136
   610  0085                     _TRISA	set	133
   611  0087                     _TRISC	set	135
   612  0086                     _TRISB	set	134
   613  008F                     _OSCCONbits	set	143
   614  04FC                     _VCFG0	set	1276
   615  04FD                     _VCFG1	set	1277
   616  0189                     _ANSELH	set	393
   617  0188                     _ANSEL	set	392
   618                           
   619                           	psect	cinit
   620  0011                     start_initialization:	
   621                           ; #config settings
   622                           
   623  0011                     __initialization:
   624                           
   625                           ; Initialize objects allocated to BANK1
   626  0011  1383               	bcf	3,7	;select IRP bank0
   627  0012  30C0               	movlw	low (__pdataBANK1+32)
   628  0013  00FD               	movwf	btemp+-1
   629  0014  3001               	movlw	high __pidataBANK1
   630  0015  00FE               	movwf	btemp
   631  0016  3062               	movlw	low __pidataBANK1
   632  0017  00FF               	movwf	btemp+1
   633  0018  30A0               	movlw	low __pdataBANK1
   634  0019  0084               	movwf	4
   635  001A  120A  118A  21B1  120A  118A  	fcall	init_ram0
   636                           
   637                           ; Initialize objects allocated to BANK0
   638  001F  3056               	movlw	low (__pdataBANK0+20)
   639  0020  00FD               	movwf	btemp+-1
   640  0021  3001               	movlw	high __pidataBANK0
   641  0022  00FE               	movwf	btemp
   642  0023  3099               	movlw	low __pidataBANK0
   643  0024  00FF               	movwf	btemp+1
   644  0025  3042               	movlw	low __pdataBANK0
   645  0026  0084               	movwf	4
   646  0027  120A  118A  21B1  120A  118A  	fcall	init_ram0
   647                           
   648                           ; Clear objects allocated to BANK0
   649  002C  01D6               	clrf	__pbssBANK0& (0+127)
   650  002D  01D7               	clrf	(__pbssBANK0+1)& (0+127)
   651  002E  01D8               	clrf	(__pbssBANK0+2)& (0+127)
   652  002F  01D9               	clrf	(__pbssBANK0+3)& (0+127)
   653  0030  01DA               	clrf	(__pbssBANK0+4)& (0+127)
   654  0031  01DB               	clrf	(__pbssBANK0+5)& (0+127)
   655  0032  01DC               	clrf	(__pbssBANK0+6)& (0+127)
   656  0033  01DD               	clrf	(__pbssBANK0+7)& (0+127)
   657  0034  01DE               	clrf	(__pbssBANK0+8)& (0+127)
   658  0035  01DF               	clrf	(__pbssBANK0+9)& (0+127)
   659                           
   660                           ; Clear objects allocated to COMMON
   661  0036  01FB               	clrf	__pbssCOMMON& (0+127)
   662  0037  01FC               	clrf	(__pbssCOMMON+1)& (0+127)
   663  0038                     end_of_initialization:	
   664                           ;End of C runtime variable initialization code
   665                           
   666  0038                     __end_of__initialization:
   667  0038  0183               	clrf	3
   668  0039  120A  118A  2916   	ljmp	_main	;jump to C main() function
   669                           
   670                           	psect	bssCOMMON
   671  007B                     __pbssCOMMON:
   672  007B                     _ADRESH_TEMP1:
   673  007B                     	ds	2
   674                           
   675                           	psect	bssBANK0
   676  0056                     __pbssBANK0:
   677  0056                     _antir2:
   678  0056                     	ds	2
   679  0058                     _antir1:
   680  0058                     	ds	2
   681  005A                     _Decena:
   682  005A                     	ds	2
   683  005C                     _Unidad:
   684  005C                     	ds	2
   685  005E                     _Banderas:
   686  005E                     	ds	2
   687                           
   688                           	psect	dataBANK0
   689  0042                     __pdataBANK0:
   690  0042                     BCD_DISPLAY@F1449:
   691  0042                     	ds	20
   692                           
   693                           	psect	dataBANK1
   694  00A0                     __pdataBANK1:
   695  00A0                     BCH_DISPLAY@F1449:
   696  00A0                     	ds	32
   697                           
   698                           	psect	inittext
   699  01AD                     init_fetch0:	
   700                           ;	Called with low address in FSR and high address in W
   701                           
   702  01AD  087E               	movf	btemp,w
   703  01AE  008A               	movwf	10
   704  01AF  087F               	movf	btemp+1,w
   705  01B0  0082               	movwf	2
   706  01B1                     init_ram0:	
   707                           ;Called with:
   708                           ;	high address of idata address in btemp 
   709                           ;	low address of idata address in btemp+1 
   710                           ;	low address of data in FSR
   711                           ;	high address + 1 of data in btemp-1
   712                           
   713  01B1  120A  118A  21AD  120A  118A  	fcall	init_fetch0
   714  01B6  0080               	movwf	0
   715  01B7  0A84               	incf	4,f
   716  01B8  0804               	movf	4,w
   717  01B9  067D               	xorwf	btemp+-1,w
   718  01BA  1903               	btfsc	3,2
   719  01BB  3400               	retlw	0
   720  01BC  0AFF               	incf	btemp+1,f
   721  01BD  1903               	btfsc	3,2
   722  01BE  0AFE               	incf	btemp,f
   723  01BF  29B1               	goto	init_ram0
   724                           
   725                           	psect	cstackBANK1
   726  00C0                     __pcstackBANK1:
   727  00C0                     ??_setup:
   728  00C0                     ??_main:	
   729                           ; 1 bytes @ 0x0
   730                           
   731                           
   732                           ; 1 bytes @ 0x0
   733  00C0                     	ds	2
   734                           
   735                           	psect	cstackCOMMON
   736  0070                     __pcstackCOMMON:
   737  0070                     ?_setup:
   738  0070                     ?_isr:	
   739                           ; 1 bytes @ 0x0
   740                           
   741  0070                     ?_main:	
   742                           ; 1 bytes @ 0x0
   743                           
   744  0070                     ?_ADC:	
   745                           ; 1 bytes @ 0x0
   746                           
   747  0070                     ?_BCH_DISPLAY:	
   748                           ; 2 bytes @ 0x0
   749                           
   750  0070                     ADC@channel:	
   751                           ; 2 bytes @ 0x0
   752                           
   753  0070                     BCH_DISPLAY@valor:	
   754                           ; 2 bytes @ 0x0
   755                           
   756                           
   757                           ; 2 bytes @ 0x0
   758  0070                     	ds	2
   759  0072                     ??_ADC:
   760  0072                     ??_BCH_DISPLAY:	
   761                           ; 1 bytes @ 0x2
   762                           
   763                           
   764                           ; 1 bytes @ 0x2
   765  0072                     	ds	2
   766  0074                     ADC@salida:
   767                           
   768                           ; 2 bytes @ 0x4
   769  0074                     	ds	2
   770  0076                     ??_isr:
   771                           
   772                           ; 1 bytes @ 0x6
   773  0076                     	ds	5
   774                           
   775                           	psect	cstackBANK0
   776  0020                     __pcstackBANK0:
   777  0020                     BCH_DISPLAY@DISPLAY:
   778                           
   779                           ; 32 bytes @ 0x0
   780  0020                     	ds	32
   781  0040                     BCH_DISPLAY@conversor:
   782                           
   783                           ; 2 bytes @ 0x20
   784  0040                     	ds	2
   785                           
   786                           	psect	maintext
   787  0116                     __pmaintext:	
   788 ;;
   789 ;;Main: autosize = 0, tempsize = 2, incstack = 0, save=0
   790 ;;
   791 ;; *************** function _main *****************
   792 ;; Defined at:
   793 ;;		line 92 in file "MAIN.c"
   794 ;; Parameters:    Size  Location     Type
   795 ;;		None
   796 ;; Auto vars:     Size  Location     Type
   797 ;;		None
   798 ;; Return value:  Size  Location     Type
   799 ;;                  1    wreg      void 
   800 ;; Registers used:
   801 ;;		wreg, status,2, status,0, pclath, cstack
   802 ;; Tracked objects:
   803 ;;		On entry : B00/0
   804 ;;		On exit  : 0/0
   805 ;;		Unchanged: 0/0
   806 ;; Data sizes:     COMMON   BANK0   BANK1   BANK3   BANK2
   807 ;;      Params:         0       0       0       0       0
   808 ;;      Locals:         0       0       0       0       0
   809 ;;      Temps:          0       0       2       0       0
   810 ;;      Totals:         0       0       2       0       0
   811 ;;Total ram usage:        2 bytes
   812 ;; Hardware stack levels required when called:    3
   813 ;; This function calls:
   814 ;;		_setup
   815 ;; This function is called by:
   816 ;;		Startup code after reset
   817 ;; This function uses a non-reentrant model
   818 ;;
   819                           
   820                           
   821                           ;psect for function _main
   822  0116                     _main:
   823  0116                     l1094:	
   824                           ;incstack = 0
   825                           ; Regs used in _main: [wreg+status,2+status,0+pclath+cstack]
   826                           
   827                           
   828                           ;MAIN.c: 94: setup();
   829  0116  120A  118A  20D2  120A  118A  	fcall	_setup
   830  011B  3001               	movlw	1	;# 
   831  011C  0089               	movwf	9	;# 
   832  011D                     l1096:
   833                           
   834                           ;MAIN.c: 100: {;MAIN.c: 101:     ADCON0bits.GO_DONE = 1;
   835  011D  1283               	bcf	3,5	;RP0=0, select bank0
   836  011E  1303               	bcf	3,6	;RP1=0, select bank0
   837  011F  149F               	bsf	31,1	;volatile
   838  0120                     l1098:
   839  0120                     l1100:	
   840                           ;MAIN.c: 102:     _delay((unsigned long)((10)*(125000/4000000.0)));
   841                           
   842                           
   843                           ;MAIN.c: 104:     if (ADRESH_TEMP1 > PORTD){
   844  0120  1283               	bcf	3,5	;RP0=0, select bank0
   845  0121  1303               	bcf	3,6	;RP1=0, select bank0
   846  0122  0808               	movf	8,w	;volatile
   847  0123  1683               	bsf	3,5	;RP0=1, select bank1
   848  0124  1303               	bcf	3,6	;RP1=0, select bank1
   849  0125  00C0               	movwf	??_main^(0+128)
   850  0126  01C1               	clrf	(??_main^(0+128)+1)
   851  0127  087C               	movf	_ADRESH_TEMP1+1,w
   852  0128  0241               	subwf	(??_main+1)^(0+128),w
   853  0129  1D03               	skipz
   854  012A  292D               	goto	u305
   855  012B  087B               	movf	_ADRESH_TEMP1,w
   856  012C  0240               	subwf	??_main^(0+128),w
   857  012D                     u305:
   858  012D  1803               	skipnc
   859  012E  2930               	goto	u301
   860  012F  2931               	goto	u300
   861  0130                     u301:
   862  0130  2935               	goto	l101
   863  0131                     u300:
   864  0131                     l1102:
   865                           
   866                           ;MAIN.c: 105:         PORTAbits.RA1=1;
   867  0131  1283               	bcf	3,5	;RP0=0, select bank0
   868  0132  1303               	bcf	3,6	;RP1=0, select bank0
   869  0133  1485               	bsf	5,1	;volatile
   870                           
   871                           ;MAIN.c: 106:     }else{
   872  0134  291D               	goto	l1096
   873  0135                     l101:
   874                           
   875                           ;MAIN.c: 107:         PORTAbits.RA1=0;
   876  0135  1283               	bcf	3,5	;RP0=0, select bank0
   877  0136  1303               	bcf	3,6	;RP1=0, select bank0
   878  0137  1085               	bcf	5,1	;volatile
   879  0138  291D               	goto	l1096
   880  0139  120A  118A  280E   	ljmp	start
   881  013C                     __end_of_main:
   882                           
   883                           	psect	text1
   884  00D2                     __ptext1:	
   885 ;; *************** function _setup *****************
   886 ;; Defined at:
   887 ;;		line 112 in file "MAIN.c"
   888 ;; Parameters:    Size  Location     Type
   889 ;;		None
   890 ;; Auto vars:     Size  Location     Type
   891 ;;		None
   892 ;; Return value:  Size  Location     Type
   893 ;;                  1    wreg      void 
   894 ;; Registers used:
   895 ;;		wreg, status,2, status,0
   896 ;; Tracked objects:
   897 ;;		On entry : 0/0
   898 ;;		On exit  : 0/0
   899 ;;		Unchanged: 0/0
   900 ;; Data sizes:     COMMON   BANK0   BANK1   BANK3   BANK2
   901 ;;      Params:         0       0       0       0       0
   902 ;;      Locals:         0       0       0       0       0
   903 ;;      Temps:          0       0       0       0       0
   904 ;;      Totals:         0       0       0       0       0
   905 ;;Total ram usage:        0 bytes
   906 ;; Hardware stack levels used:    1
   907 ;; Hardware stack levels required when called:    2
   908 ;; This function calls:
   909 ;;		Nothing
   910 ;; This function is called by:
   911 ;;		_main
   912 ;; This function uses a non-reentrant model
   913 ;;
   914                           
   915                           
   916                           ;psect for function _setup
   917  00D2                     _setup:
   918  00D2                     l1028:	
   919                           ;incstack = 0
   920                           ; Regs used in _setup: [wreg+status,2+status,0]
   921                           
   922                           
   923                           ;MAIN.c: 115:     OSCCONbits.SCS = 1;
   924  00D2  1683               	bsf	3,5	;RP0=1, select bank1
   925  00D3  1303               	bcf	3,6	;RP1=0, select bank1
   926  00D4  140F               	bsf	15,0	;volatile
   927                           
   928                           ;MAIN.c: 116:     OSCCONbits.IRCF2 = 0;
   929  00D5  130F               	bcf	15,6	;volatile
   930                           
   931                           ;MAIN.c: 117:     OSCCONbits.IRCF1 = 0;
   932  00D6  128F               	bcf	15,5	;volatile
   933                           
   934                           ;MAIN.c: 118:     OSCCONbits.IRCF0 = 1;
   935  00D7  160F               	bsf	15,4	;volatile
   936  00D8                     l1030:
   937                           
   938                           ;MAIN.c: 121:     PORTA = 0X01;
   939  00D8  3001               	movlw	1
   940  00D9  1283               	bcf	3,5	;RP0=0, select bank0
   941  00DA  1303               	bcf	3,6	;RP1=0, select bank0
   942  00DB  0085               	movwf	5	;volatile
   943  00DC                     l1032:
   944                           
   945                           ;MAIN.c: 122:     PORTC = 0X00;
   946  00DC  0187               	clrf	7	;volatile
   947  00DD                     l1034:
   948                           
   949                           ;MAIN.c: 123:     PORTD = 0X00;
   950  00DD  0188               	clrf	8	;volatile
   951  00DE                     l1036:
   952                           
   953                           ;MAIN.c: 124:     PORTE = 0X00;
   954  00DE  0189               	clrf	9	;volatile
   955  00DF                     l1038:
   956                           
   957                           ;MAIN.c: 125:     PORTB = 0X03;
   958  00DF  3003               	movlw	3
   959  00E0  0086               	movwf	6	;volatile
   960  00E1                     l1040:
   961                           
   962                           ;MAIN.c: 127:     ANSEL = 0X01;
   963  00E1  3001               	movlw	1
   964  00E2  1683               	bsf	3,5	;RP0=1, select bank3
   965  00E3  1703               	bsf	3,6	;RP1=1, select bank3
   966  00E4  0088               	movwf	8	;volatile
   967  00E5                     l1042:
   968                           
   969                           ;MAIN.c: 128:     ANSELH = 0X00;
   970  00E5  0189               	clrf	9	;volatile
   971                           
   972                           ;MAIN.c: 129:     TRISB = 0X03;
   973  00E6  3003               	movlw	3
   974  00E7  1683               	bsf	3,5	;RP0=1, select bank1
   975  00E8  1303               	bcf	3,6	;RP1=0, select bank1
   976  00E9  0086               	movwf	6	;volatile
   977  00EA                     l1044:
   978                           
   979                           ;MAIN.c: 130:     TRISC = 0X00;
   980  00EA  0187               	clrf	7	;volatile
   981  00EB                     l1046:
   982                           
   983                           ;MAIN.c: 131:     TRISA = 0X01;
   984  00EB  3001               	movlw	1
   985  00EC  0085               	movwf	5	;volatile
   986                           
   987                           ;MAIN.c: 132:     TRISD = 0X00;
   988  00ED  0188               	clrf	8	;volatile
   989                           
   990                           ;MAIN.c: 133:     TRISE = 0X00;
   991  00EE  0189               	clrf	9	;volatile
   992  00EF                     l1048:
   993                           
   994                           ;MAIN.c: 135:     INTCONbits.RBIF = 0;
   995  00EF  100B               	bcf	11,0	;volatile
   996  00F0                     l1050:
   997                           
   998                           ;MAIN.c: 136:     INTCONbits.T0IF = 0;
   999  00F0  110B               	bcf	11,2	;volatile
  1000  00F1                     l1052:
  1001                           
  1002                           ;MAIN.c: 139:     OPTION_REGbits.nRBPU = 0;
  1003  00F1  1381               	bcf	1,7	;volatile
  1004  00F2                     l1054:
  1005                           
  1006                           ;MAIN.c: 140:     IOCB = 0X03;
  1007  00F2  3003               	movlw	3
  1008  00F3  0096               	movwf	22	;volatile
  1009  00F4                     l1056:
  1010                           
  1011                           ;MAIN.c: 143:     WPUB = 0X03;
  1012  00F4  3003               	movlw	3
  1013  00F5  0095               	movwf	21	;volatile
  1014  00F6                     l1058:
  1015                           
  1016                           ;MAIN.c: 147:     INTCONbits.GIE = 1;
  1017  00F6  178B               	bsf	11,7	;volatile
  1018  00F7                     l1060:
  1019                           
  1020                           ;MAIN.c: 148:     INTCONbits.PEIE= 1;
  1021  00F7  170B               	bsf	11,6	;volatile
  1022  00F8                     l1062:
  1023                           
  1024                           ;MAIN.c: 149:     INTCONbits.RBIE = 1;
  1025  00F8  158B               	bsf	11,3	;volatile
  1026  00F9                     l1064:
  1027                           
  1028                           ;MAIN.c: 150:     INTCONbits.T0IE = 1;
  1029  00F9  168B               	bsf	11,5	;volatile
  1030  00FA                     l1066:
  1031                           
  1032                           ;MAIN.c: 154:     OPTION_REGbits.T0CS = 0;
  1033  00FA  1281               	bcf	1,5	;volatile
  1034  00FB                     l1068:
  1035                           
  1036                           ;MAIN.c: 156:     OPTION_REGbits.PSA = 0;
  1037  00FB  1181               	bcf	1,3	;volatile
  1038  00FC                     l1070:
  1039                           
  1040                           ;MAIN.c: 157:     OPTION_REGbits.PS2 = 0;
  1041  00FC  1101               	bcf	1,2	;volatile
  1042  00FD                     l1072:
  1043                           
  1044                           ;MAIN.c: 158:     OPTION_REGbits.PS1 = 0;
  1045  00FD  1081               	bcf	1,1	;volatile
  1046  00FE                     l1074:
  1047                           
  1048                           ;MAIN.c: 159:     OPTION_REGbits.PS0 = 0;
  1049  00FE  1001               	bcf	1,0	;volatile
  1050  00FF                     l1076:
  1051                           
  1052                           ;MAIN.c: 160:     TMR0 = 99;
  1053  00FF  3063               	movlw	99
  1054  0100  1283               	bcf	3,5	;RP0=0, select bank0
  1055  0101  1303               	bcf	3,6	;RP1=0, select bank0
  1056  0102  0081               	movwf	1	;volatile
  1057  0103                     l1078:
  1058                           
  1059                           ;MAIN.c: 163:     PIE1bits.ADIE = 1;
  1060  0103  1683               	bsf	3,5	;RP0=1, select bank1
  1061  0104  1303               	bcf	3,6	;RP1=0, select bank1
  1062  0105  170C               	bsf	12,6	;volatile
  1063  0106                     l1080:
  1064                           
  1065                           ;MAIN.c: 167:     ADCON0bits.CHS = 0x00;
  1066  0106  30C3               	movlw	-61
  1067  0107  1283               	bcf	3,5	;RP0=0, select bank0
  1068  0108  1303               	bcf	3,6	;RP1=0, select bank0
  1069  0109  059F               	andwf	31,f	;volatile
  1070  010A                     l1082:
  1071                           
  1072                           ;MAIN.c: 168:     VCFG1 = 0;
  1073  010A  1683               	bsf	3,5	;RP0=1, select bank1
  1074  010B  1303               	bcf	3,6	;RP1=0, select bank1
  1075  010C  129F               	bcf	31,5	;volatile
  1076  010D                     l1084:
  1077                           
  1078                           ;MAIN.c: 169:     VCFG0 = 0;
  1079  010D  121F               	bcf	31,4	;volatile
  1080  010E                     l1086:
  1081                           
  1082                           ;MAIN.c: 170:     ADCON1bits.ADFM = 0;
  1083  010E  139F               	bcf	31,7	;volatile
  1084  010F                     l1088:
  1085                           
  1086                           ;MAIN.c: 171:     ADCON0bits.ADCS = 0b00;
  1087  010F  303F               	movlw	-193
  1088  0110  1283               	bcf	3,5	;RP0=0, select bank0
  1089  0111  1303               	bcf	3,6	;RP1=0, select bank0
  1090  0112  059F               	andwf	31,f	;volatile
  1091  0113                     l1090:
  1092                           
  1093                           ;MAIN.c: 172:     PIR1bits.ADIF = 0;
  1094  0113  130C               	bcf	12,6	;volatile
  1095  0114                     l1092:
  1096                           
  1097                           ;MAIN.c: 173:     ADCON0bits.ADON = 1;
  1098  0114  141F               	bsf	31,0	;volatile
  1099  0115                     l108:
  1100  0115  0008               	return
  1101  0116                     __end_of_setup:
  1102                           
  1103                           	psect	text2
  1104  003C                     __ptext2:	
  1105 ;; *************** function _isr *****************
  1106 ;; Defined at:
  1107 ;;		line 46 in file "MAIN.c"
  1108 ;; Parameters:    Size  Location     Type
  1109 ;;		None
  1110 ;; Auto vars:     Size  Location     Type
  1111 ;;		None
  1112 ;; Return value:  Size  Location     Type
  1113 ;;                  1    wreg      void 
  1114 ;; Registers used:
  1115 ;;		wreg, fsr0l, fsr0h, status,2, status,0, pclath, cstack
  1116 ;; Tracked objects:
  1117 ;;		On entry : 0/0
  1118 ;;		On exit  : 0/0
  1119 ;;		Unchanged: 0/0
  1120 ;; Data sizes:     COMMON   BANK0   BANK1   BANK3   BANK2
  1121 ;;      Params:         0       0       0       0       0
  1122 ;;      Locals:         0       0       0       0       0
  1123 ;;      Temps:          5       0       0       0       0
  1124 ;;      Totals:         5       0       0       0       0
  1125 ;;Total ram usage:        5 bytes
  1126 ;; Hardware stack levels used:    1
  1127 ;; Hardware stack levels required when called:    1
  1128 ;; This function calls:
  1129 ;;		_ADC
  1130 ;;		_BCH_DISPLAY
  1131 ;; This function is called by:
  1132 ;;		Interrupt level 1
  1133 ;; This function uses a non-reentrant model
  1134 ;;
  1135                           
  1136                           
  1137                           ;psect for function _isr
  1138  003C                     _isr:
  1139  003C                     i1l968:
  1140                           
  1141                           ;MAIN.c: 49:     if (ADIF){
  1142  003C  1283               	bcf	3,5	;RP0=0, select bank0
  1143  003D  1303               	bcf	3,6	;RP1=0, select bank0
  1144  003E  1F0C               	btfss	12,6	;volatile
  1145  003F  2841               	goto	u17_21
  1146  0040  2842               	goto	u17_20
  1147  0041                     u17_21:
  1148  0041  2851               	goto	i1l974
  1149  0042                     u17_20:
  1150  0042                     i1l970:
  1151                           
  1152                           ;MAIN.c: 50:         ADRESH_TEMP1 = ADC(0x00);
  1153  0042  3000               	movlw	0
  1154  0043  00F0               	movwf	ADC@channel
  1155  0044  00F1               	movwf	ADC@channel+1
  1156  0045  120A  118A  2182  120A  118A  	fcall	_ADC
  1157  004A  0871               	movf	?_ADC+1,w
  1158  004B  00FC               	movwf	_ADRESH_TEMP1+1
  1159  004C  0870               	movf	?_ADC,w
  1160  004D  00FB               	movwf	_ADRESH_TEMP1
  1161  004E                     i1l972:
  1162                           
  1163                           ;MAIN.c: 51:         ADIF = 0;
  1164  004E  1283               	bcf	3,5	;RP0=0, select bank0
  1165  004F  1303               	bcf	3,6	;RP1=0, select bank0
  1166  0050  130C               	bcf	12,6	;volatile
  1167  0051                     i1l974:
  1168                           
  1169                           ;MAIN.c: 53:     if (RBIF){
  1170  0051  1C0B               	btfss	11,0	;volatile
  1171  0052  2854               	goto	u18_21
  1172  0053  2855               	goto	u18_20
  1173  0054                     u18_21:
  1174  0054  2888               	goto	i1l998
  1175  0055                     u18_20:
  1176  0055                     i1l976:
  1177                           
  1178                           ;MAIN.c: 54:         if (PORTBbits.RB0== 0){
  1179  0055  1806               	btfsc	6,0	;volatile
  1180  0056  2858               	goto	u19_21
  1181  0057  2859               	goto	u19_20
  1182  0058                     u19_21:
  1183  0058  285E               	goto	i1l85
  1184  0059                     u19_20:
  1185  0059                     i1l978:
  1186                           
  1187                           ;MAIN.c: 55:             antir1 = 1;
  1188  0059  3001               	movlw	1
  1189  005A  00D8               	movwf	_antir1
  1190  005B  3000               	movlw	0
  1191  005C  00D9               	movwf	_antir1+1
  1192                           
  1193                           ;MAIN.c: 56:         }else if (PORTBbits.RB0== 1 && antir1 == 1){
  1194  005D  286E               	goto	i1l986
  1195  005E                     i1l85:
  1196  005E  1C06               	btfss	6,0	;volatile
  1197  005F  2861               	goto	u20_21
  1198  0060  2862               	goto	u20_20
  1199  0061                     u20_21:
  1200  0061  286E               	goto	i1l986
  1201  0062                     u20_20:
  1202  0062                     i1l980:
  1203  0062  0358               	decf	_antir1,w
  1204  0063  0459               	iorwf	_antir1+1,w
  1205  0064  1D03               	btfss	3,2
  1206  0065  2867               	goto	u21_21
  1207  0066  2868               	goto	u21_20
  1208  0067                     u21_21:
  1209  0067  286E               	goto	i1l986
  1210  0068                     u21_20:
  1211  0068                     i1l982:
  1212  0068  3001               	movlw	1	;# 
  1213  0069  0788               	addwf	8,f	;# 
  1214  006A                     i1l984:
  1215                           
  1216                           ;MAIN.c: 60:             antir1 = 0;
  1217  006A  1283               	bcf	3,5	;RP0=0, select bank0
  1218  006B  1303               	bcf	3,6	;RP1=0, select bank0
  1219  006C  01D8               	clrf	_antir1
  1220  006D  01D9               	clrf	_antir1+1
  1221  006E                     i1l986:
  1222                           
  1223                           ;MAIN.c: 62:         if (PORTBbits.RB1== 0){
  1224  006E  1886               	btfsc	6,1	;volatile
  1225  006F  2871               	goto	u22_21
  1226  0070  2872               	goto	u22_20
  1227  0071                     u22_21:
  1228  0071  2877               	goto	i1l88
  1229  0072                     u22_20:
  1230  0072                     i1l988:
  1231                           
  1232                           ;MAIN.c: 63:             antir2 = 1;
  1233  0072  3001               	movlw	1
  1234  0073  00D6               	movwf	_antir2
  1235  0074  3000               	movlw	0
  1236  0075  00D7               	movwf	_antir2+1
  1237                           
  1238                           ;MAIN.c: 64:         }else if (PORTBbits.RB1== 1 && antir2 == 1){
  1239  0076  2887               	goto	i1l996
  1240  0077                     i1l88:
  1241  0077  1C86               	btfss	6,1	;volatile
  1242  0078  287A               	goto	u23_21
  1243  0079  287B               	goto	u23_20
  1244  007A                     u23_21:
  1245  007A  2887               	goto	i1l996
  1246  007B                     u23_20:
  1247  007B                     i1l990:
  1248  007B  0356               	decf	_antir2,w
  1249  007C  0457               	iorwf	_antir2+1,w
  1250  007D  1D03               	btfss	3,2
  1251  007E  2880               	goto	u24_21
  1252  007F  2881               	goto	u24_20
  1253  0080                     u24_21:
  1254  0080  2887               	goto	i1l996
  1255  0081                     u24_20:
  1256  0081                     i1l992:
  1257  0081  3001               	movlw	1	;# 
  1258  0082  0288               	subwf	8,f	;# 
  1259  0083                     i1l994:
  1260                           
  1261                           ;MAIN.c: 68:             antir2 = 0;
  1262  0083  1283               	bcf	3,5	;RP0=0, select bank0
  1263  0084  1303               	bcf	3,6	;RP1=0, select bank0
  1264  0085  01D6               	clrf	_antir2
  1265  0086  01D7               	clrf	_antir2+1
  1266  0087                     i1l996:
  1267                           
  1268                           ;MAIN.c: 70:         RBIF =0;
  1269  0087  100B               	bcf	11,0	;volatile
  1270  0088                     i1l998:
  1271                           
  1272                           ;MAIN.c: 73:     if (T0IF){
  1273  0088  1D0B               	btfss	11,2	;volatile
  1274  0089  288B               	goto	u25_21
  1275  008A  288C               	goto	u25_20
  1276  008B                     u25_21:
  1277  008B  28C9               	goto	i1l95
  1278  008C                     u25_20:
  1279  008C                     i1l1000:
  1280                           
  1281                           ;MAIN.c: 74:         PORTC = 0;
  1282  008C  0187               	clrf	7	;volatile
  1283  008D                     i1l1002:
  1284                           
  1285                           ;MAIN.c: 75:          if (PORTE == 0x01){
  1286  008D  0309               	decf	9,w	;volatile
  1287  008E  1D03               	btfss	3,2
  1288  008F  2891               	goto	u26_21
  1289  0090  2892               	goto	u26_20
  1290  0091                     u26_21:
  1291  0091  28A4               	goto	i1l1008
  1292  0092                     u26_20:
  1293  0092                     i1l1004:
  1294  0092  3002               	movlw	2	;# 
  1295  0093  0089               	movwf	9	;# 
  1296  0094                     i1l1006:
  1297                           
  1298                           ;MAIN.c: 78:              PORTC = BCH_DISPLAY(ADRESH_TEMP1 & 0x0f);
  1299  0094  300F               	movlw	15
  1300  0095  057B               	andwf	_ADRESH_TEMP1,w
  1301  0096  00F0               	movwf	BCH_DISPLAY@valor
  1302  0097  3000               	movlw	0
  1303  0098  057C               	andwf	_ADRESH_TEMP1+1,w
  1304  0099  00F1               	movwf	BCH_DISPLAY@valor+1
  1305  009A  120A  118A  213C  120A  118A  	fcall	_BCH_DISPLAY
  1306  009F  0870               	movf	?_BCH_DISPLAY,w
  1307  00A0  1283               	bcf	3,5	;RP0=0, select bank0
  1308  00A1  1303               	bcf	3,6	;RP1=0, select bank0
  1309  00A2  0087               	movwf	7	;volatile
  1310                           
  1311                           ;MAIN.c: 80:          }else if (PORTE == 0x02){
  1312  00A3  28C6               	goto	i1l1014
  1313  00A4                     i1l1008:
  1314  00A4  3002               	movlw	2
  1315  00A5  0609               	xorwf	9,w	;volatile
  1316  00A6  1D03               	btfss	3,2
  1317  00A7  28A9               	goto	u27_21
  1318  00A8  28AA               	goto	u27_20
  1319  00A9                     u27_21:
  1320  00A9  28C6               	goto	i1l1014
  1321  00AA                     u27_20:
  1322  00AA                     i1l1010:
  1323  00AA  3001               	movlw	1	;# 
  1324  00AB  0089               	movwf	9	;# 
  1325  00AC                     i1l1012:
  1326                           
  1327                           ;MAIN.c: 83:              PORTC = BCH_DISPLAY((ADRESH_TEMP1 >> 4) & 0x0f);
  1328  00AC  087C               	movf	_ADRESH_TEMP1+1,w
  1329  00AD  00F7               	movwf	??_isr+1
  1330  00AE  087B               	movf	_ADRESH_TEMP1,w
  1331  00AF  00F6               	movwf	??_isr
  1332  00B0  3004               	movlw	4
  1333  00B1                     u28_25:
  1334  00B1  1003               	clrc
  1335  00B2  0CF7               	rrf	??_isr+1,f
  1336  00B3  0CF6               	rrf	??_isr,f
  1337  00B4  3EFF               	addlw	-1
  1338  00B5  1D03               	skipz
  1339  00B6  28B1               	goto	u28_25
  1340  00B7  300F               	movlw	15
  1341  00B8  0576               	andwf	??_isr,w
  1342  00B9  00F0               	movwf	BCH_DISPLAY@valor
  1343  00BA  3000               	movlw	0
  1344  00BB  0577               	andwf	??_isr+1,w
  1345  00BC  00F1               	movwf	BCH_DISPLAY@valor+1
  1346  00BD  120A  118A  213C  120A  118A  	fcall	_BCH_DISPLAY
  1347  00C2  0870               	movf	?_BCH_DISPLAY,w
  1348  00C3  1283               	bcf	3,5	;RP0=0, select bank0
  1349  00C4  1303               	bcf	3,6	;RP1=0, select bank0
  1350  00C5  0087               	movwf	7	;volatile
  1351  00C6                     i1l1014:
  1352                           
  1353                           ;MAIN.c: 86:          TMR0 = 99;
  1354  00C6  3063               	movlw	99
  1355  00C7  0081               	movwf	1	;volatile
  1356  00C8                     i1l1016:
  1357                           
  1358                           ;MAIN.c: 87:         T0IF = 0;
  1359  00C8  110B               	bcf	11,2	;volatile
  1360  00C9                     i1l95:
  1361  00C9  087A               	movf	??_isr+4,w
  1362  00CA  008A               	movwf	10
  1363  00CB  0879               	movf	??_isr+3,w
  1364  00CC  0084               	movwf	4
  1365  00CD  0E78               	swapf	??_isr+2,w
  1366  00CE  0083               	movwf	3
  1367  00CF  0EFE               	swapf	btemp,f
  1368  00D0  0E7E               	swapf	btemp,w
  1369  00D1  0009               	retfie
  1370  00D2                     __end_of_isr:
  1371                           
  1372                           	psect	intentry
  1373  0004                     __pintentry:	
  1374                           ;incstack = 0
  1375                           ; Regs used in _isr: [wreg-fsr0h+status,2+status,0+pclath+cstack]
  1376                           
  1377  0004                     interrupt_function:
  1378  007E                     saved_w	set	btemp
  1379  0004  00FE               	movwf	btemp
  1380  0005  0E03               	swapf	3,w
  1381  0006  00F8               	movwf	??_isr+2
  1382  0007  0804               	movf	4,w
  1383  0008  00F9               	movwf	??_isr+3
  1384  0009  080A               	movf	10,w
  1385  000A  00FA               	movwf	??_isr+4
  1386  000B  120A  118A  283C   	ljmp	_isr
  1387                           
  1388                           	psect	text3
  1389  013C                     __ptext3:	
  1390 ;; *************** function _BCH_DISPLAY *****************
  1391 ;; Defined at:
  1392 ;;		line 19 in file "BCH_CONVERTER_DISPLAY.c"
  1393 ;; Parameters:    Size  Location     Type
  1394 ;;  valor           2    0[COMMON] unsigned int 
  1395 ;; Auto vars:     Size  Location     Type
  1396 ;;  DISPLAY        32    0[BANK0 ] unsigned int [16]
  1397 ;;  conversor       2   32[BANK0 ] unsigned int 
  1398 ;; Return value:  Size  Location     Type
  1399 ;;                  2    0[COMMON] unsigned int 
  1400 ;; Registers used:
  1401 ;;		wreg, fsr0l, fsr0h, status,2, status,0
  1402 ;; Tracked objects:
  1403 ;;		On entry : 0/0
  1404 ;;		On exit  : 0/0
  1405 ;;		Unchanged: 0/0
  1406 ;; Data sizes:     COMMON   BANK0   BANK1   BANK3   BANK2
  1407 ;;      Params:         2       0       0       0       0
  1408 ;;      Locals:         0      34       0       0       0
  1409 ;;      Temps:          4       0       0       0       0
  1410 ;;      Totals:         6      34       0       0       0
  1411 ;;Total ram usage:       40 bytes
  1412 ;; Hardware stack levels used:    1
  1413 ;; This function calls:
  1414 ;;		Nothing
  1415 ;; This function is called by:
  1416 ;;		_isr
  1417 ;; This function uses a non-reentrant model
  1418 ;;
  1419                           
  1420                           
  1421                           ;psect for function _BCH_DISPLAY
  1422  013C                     _BCH_DISPLAY:
  1423  013C                     i1l894:	
  1424                           ;incstack = 0
  1425                           ; Regs used in _BCH_DISPLAY: [wreg-fsr0h+status,2+status,0]
  1426                           
  1427                           
  1428                           ;BCH_CONVERTER_DISPLAY.c: 20:     unsigned int DISPLAY[16]= {0X3F,0X06,0X5B,0X4F,0X66,0X
      +                          6D,0X7D,0X07,0X7F,0X67,0x77,0X7C,0X58,0X5E,0X79,0X71};
  1429  013C  3020               	movlw	BCH_DISPLAY@DISPLAY& (0+255)
  1430  013D  0084               	movwf	4
  1431  013E  30A0               	movlw	low BCH_DISPLAY@F1449
  1432  013F  00F2               	movwf	??_BCH_DISPLAY
  1433  0140  0804               	movf	4,w
  1434  0141  00F3               	movwf	??_BCH_DISPLAY+1
  1435  0142  3020               	movlw	32
  1436  0143  00F4               	movwf	??_BCH_DISPLAY+2
  1437  0144                     u16_20:
  1438  0144  0872               	movf	??_BCH_DISPLAY,w
  1439  0145  0084               	movwf	4
  1440  0146  1383               	bcf	3,7	;select IRP bank1
  1441  0147  0800               	movf	0,w
  1442  0148  00F5               	movwf	??_BCH_DISPLAY+3
  1443  0149  0AF2               	incf	??_BCH_DISPLAY,f
  1444  014A  0873               	movf	??_BCH_DISPLAY+1,w
  1445  014B  0084               	movwf	4
  1446  014C  0875               	movf	??_BCH_DISPLAY+3,w
  1447  014D  0080               	movwf	0
  1448  014E  0AF3               	incf	??_BCH_DISPLAY+1,f
  1449  014F  0BF4               	decfsz	??_BCH_DISPLAY+2,f
  1450  0150  2944               	goto	u16_20
  1451  0151                     i1l896:
  1452                           
  1453                           ;BCH_CONVERTER_DISPLAY.c: 21:     unsigned int conversor;;BCH_CONVERTER_DISPLAY.c: 22:  
      +                             conversor = DISPLAY[valor];
  1454  0151  0870               	movf	BCH_DISPLAY@valor,w
  1455  0152  00F2               	movwf	??_BCH_DISPLAY
  1456  0153  0772               	addwf	??_BCH_DISPLAY,w
  1457  0154  3E20               	addlw	(low (BCH_DISPLAY@DISPLAY| 0))& (0+255)
  1458  0155  0084               	movwf	4
  1459  0156  0800               	movf	0,w
  1460  0157  1283               	bcf	3,5	;RP0=0, select bank0
  1461  0158  1303               	bcf	3,6	;RP1=0, select bank0
  1462  0159  00C0               	movwf	BCH_DISPLAY@conversor
  1463  015A  0A84               	incf	4,f
  1464  015B  0800               	movf	0,w
  1465  015C  00C1               	movwf	BCH_DISPLAY@conversor+1
  1466  015D                     i1l898:
  1467                           
  1468                           ;BCH_CONVERTER_DISPLAY.c: 23:     return (conversor);
  1469  015D  0841               	movf	BCH_DISPLAY@conversor+1,w
  1470  015E  00F1               	movwf	?_BCH_DISPLAY+1
  1471  015F  0840               	movf	BCH_DISPLAY@conversor,w
  1472  0160  00F0               	movwf	?_BCH_DISPLAY
  1473  0161                     i1l125:
  1474  0161  0008               	return
  1475  0162                     __end_of_BCH_DISPLAY:
  1476                           
  1477                           	psect	text4
  1478  0182                     __ptext4:	
  1479 ;; *************** function _ADC *****************
  1480 ;; Defined at:
  1481 ;;		line 15 in file "ADC_CONVERTER.c"
  1482 ;; Parameters:    Size  Location     Type
  1483 ;;  channel         2    0[COMMON] unsigned int 
  1484 ;; Auto vars:     Size  Location     Type
  1485 ;;  salida          2    4[COMMON] int 
  1486 ;; Return value:  Size  Location     Type
  1487 ;;                  2    0[COMMON] unsigned int 
  1488 ;; Registers used:
  1489 ;;		wreg, status,2, status,0
  1490 ;; Tracked objects:
  1491 ;;		On entry : 0/0
  1492 ;;		On exit  : 0/0
  1493 ;;		Unchanged: 0/0
  1494 ;; Data sizes:     COMMON   BANK0   BANK1   BANK3   BANK2
  1495 ;;      Params:         2       0       0       0       0
  1496 ;;      Locals:         2       0       0       0       0
  1497 ;;      Temps:          2       0       0       0       0
  1498 ;;      Totals:         6       0       0       0       0
  1499 ;;Total ram usage:        6 bytes
  1500 ;; Hardware stack levels used:    1
  1501 ;; This function calls:
  1502 ;;		Nothing
  1503 ;; This function is called by:
  1504 ;;		_isr
  1505 ;; This function uses a non-reentrant model
  1506 ;;
  1507                           
  1508                           
  1509                           ;psect for function _ADC
  1510  0182                     _ADC:
  1511  0182                     i1l886:	
  1512                           ;incstack = 0
  1513                           ; Regs used in _ADC: [wreg+status,2+status,0]
  1514                           
  1515                           
  1516                           ;ADC_CONVERTER.c: 16:     int salida;;ADC_CONVERTER.c: 17:     ADCON0bits.CHS = channel;
  1517  0182  0870               	movf	ADC@channel,w
  1518  0183  00F2               	movwf	??_ADC
  1519  0184  0DF2               	rlf	??_ADC,f
  1520  0185  0DF2               	rlf	??_ADC,f
  1521  0186  1283               	bcf	3,5	;RP0=0, select bank0
  1522  0187  1303               	bcf	3,6	;RP1=0, select bank0
  1523  0188  081F               	movf	31,w	;volatile
  1524  0189  0672               	xorwf	??_ADC,w
  1525  018A  39C3               	andlw	-61
  1526  018B  0672               	xorwf	??_ADC,w
  1527  018C  009F               	movwf	31	;volatile
  1528  018D                     i1l888:
  1529                           
  1530                           ;ADC_CONVERTER.c: 18:     salida = ADRESH;
  1531  018D  081E               	movf	30,w	;volatile
  1532  018E  00F2               	movwf	??_ADC
  1533  018F  01F3               	clrf	??_ADC+1
  1534  0190  0872               	movf	??_ADC,w
  1535  0191  00F4               	movwf	ADC@salida
  1536  0192  0873               	movf	??_ADC+1,w
  1537  0193  00F5               	movwf	ADC@salida+1
  1538  0194                     i1l890:
  1539                           
  1540                           ;ADC_CONVERTER.c: 19:     return(salida);
  1541  0194  0875               	movf	ADC@salida+1,w
  1542  0195  00F1               	movwf	?_ADC+1
  1543  0196  0874               	movf	ADC@salida,w
  1544  0197  00F0               	movwf	?_ADC
  1545  0198                     i1l115:
  1546  0198  0008               	return
  1547  0199                     __end_of_ADC:
  1548  007E                     btemp	set	126	;btemp
  1549  007E                     wtemp0	set	126
  1550                           
  1551                           	psect	config
  1552                           
  1553                           ;Config register CONFIG1 @ 0x2007
  1554                           ;	Oscillator Selection bits
  1555                           ;	FOSC = INTRC_NOCLKOUT, INTOSCIO oscillator: I/O function on RA6/OSC2/CLKOUT pin, I/O f
      +                          unction on RA7/OSC1/CLKIN
  1556                           ;	Watchdog Timer Enable bit
  1557                           ;	WDTE = OFF, WDT disabled and can be enabled by SWDTEN bit of the WDTCON register
  1558                           ;	Power-up Timer Enable bit
  1559                           ;	PWRTE = OFF, PWRT disabled
  1560                           ;	RE3/MCLR pin function select bit
  1561                           ;	MCLRE = OFF, RE3/MCLR pin function is digital input, MCLR internally tied to VDD
  1562                           ;	Code Protection bit
  1563                           ;	CP = OFF, Program memory code protection is disabled
  1564                           ;	Data Code Protection bit
  1565                           ;	CPD = OFF, Data memory code protection is disabled
  1566                           ;	Brown Out Reset Selection bits
  1567                           ;	BOREN = OFF, BOR disabled
  1568                           ;	Internal External Switchover bit
  1569                           ;	IESO = OFF, Internal/External Switchover mode is disabled
  1570                           ;	Fail-Safe Clock Monitor Enabled bit
  1571                           ;	FCMEN = OFF, Fail-Safe Clock Monitor is disabled
  1572                           ;	Low Voltage Programming Enable bit
  1573                           ;	LVP = ON, RB3/PGM pin has PGM function, low voltage programming enabled
  1574                           ;	In-Circuit Debugger Mode bit
  1575                           ;	DEBUG = 0x1, unprogrammed default
  1576  2007                     	org	8199
  1577  2007  30D4               	dw	12500
  1578                           
  1579                           ;Config register CONFIG2 @ 0x2008
  1580                           ;	Brown-out Reset Selection bit
  1581                           ;	BOR4V = BOR40V, Brown-out Reset set to 4.0V
  1582                           ;	Flash Program Memory Self Write Enable bits
  1583                           ;	WRT = OFF, Write protection off
  1584  2008                     	org	8200
  1585  2008  3FFF               	dw	16383

Data Sizes:
    Strings     0
    Constant    0
    Data        52
    BSS         12
    Persistent  0
    Stack       0

Auto Spaces:
    Space          Size  Autos    Used
    COMMON           14     11      13
    BANK0            80     34      64
    BANK1            80      2      34
    BANK3            96      0       0
    BANK2            96      0       0

Pointer List with Targets:

    None.

Critical Paths under _main in COMMON

    None.

Critical Paths under _isr in COMMON

    _isr->_ADC
    _isr->_BCH_DISPLAY

Critical Paths under _main in BANK0

    None.

Critical Paths under _isr in BANK0

    _isr->_BCH_DISPLAY

Critical Paths under _main in BANK1

    None.

Critical Paths under _isr in BANK1

    None.

Critical Paths under _main in BANK3

    None.

Critical Paths under _isr in BANK3

    None.

Critical Paths under _main in BANK2

    None.

Critical Paths under _isr in BANK2

    None.

Call Graph Tables:

 ---------------------------------------------------------------------------------
 (Depth) Function   	        Calls       Base Space   Used Autos Params    Refs
 ---------------------------------------------------------------------------------
 (0) _main                                                 2     2      0       0
                                              0 BANK1      2     2      0
                              _setup
 ---------------------------------------------------------------------------------
 (1) _setup                                                0     0      0       0
 ---------------------------------------------------------------------------------
 Estimated maximum stack depth 1
 ---------------------------------------------------------------------------------
 (Depth) Function   	        Calls       Base Space   Used Autos Params    Refs
 ---------------------------------------------------------------------------------
 (2) _isr                                                  5     5      0     342
                                              6 COMMON     5     5      0
                                _ADC
                        _BCH_DISPLAY
 ---------------------------------------------------------------------------------
 (3) _BCH_DISPLAY                                         40    38      2     221
                                              0 COMMON     6     4      2
                                              0 BANK0     34    34      0
 ---------------------------------------------------------------------------------
 (3) _ADC                                                  6     4      2     121
                                              0 COMMON     6     4      2
 ---------------------------------------------------------------------------------
 Estimated maximum stack depth 3
 ---------------------------------------------------------------------------------

 Call Graph Graphs:

 _main (ROOT)
   _setup

 _isr (ROOT)
   _ADC
   _BCH_DISPLAY

 Address spaces:
Name               Size   Autos  Total    Cost      Usage
BANK3               60      0       0       9        0.0%
BITBANK3            60      0       0       8        0.0%
SFR3                 0      0       0       4        0.0%
BITSFR3              0      0       0       4        0.0%
BANK2               60      0       0      11        0.0%
BITBANK2            60      0       0      10        0.0%
SFR2                 0      0       0       5        0.0%
BITSFR2              0      0       0       5        0.0%
BANK1               50      2      22       7       42.5%
BITBANK1            50      0       0       6        0.0%
SFR1                 0      0       0       2        0.0%
BITSFR1              0      0       0       2        0.0%
BANK0               50     22      40       5       80.0%
BITBANK0            50      0       0       4        0.0%
SFR0                 0      0       0       1        0.0%
BITSFR0              0      0       0       1        0.0%
COMMON               E      B       D       1       92.9%
BITCOMMON            E      0       0       0        0.0%
CODE                 0      0       0       0        0.0%
DATA                 0      0      6F      12        0.0%
ABS                  0      0      6F       3        0.0%
NULL                 0      0       0       0        0.0%
STACK                0      0       0       2        0.0%
EEDATA             100      0       0       0        0.0%


Microchip Technology PIC Macro Assembler V2.31 build 20201012212115 
Symbol Table                                                                                   Wed Jul 21 13:51:59 2021

                      pc 0002                       fsr 0004                      l101 0135  
                    l108 0115                      _ADC 0182                      u300 0131  
                    u301 0130                      u305 012D                      _isr 003C  
                    fsr0 0004                      indf 0000     __size_of_BCH_DISPLAY 0026  
                   ?_ADC 0070                     l1100 0120                     l1030 00D8  
                   l1102 0131                     l1040 00E1                     l1032 00DC  
                   l1050 00F0                     l1042 00E5                     l1034 00DD  
                   l1060 00F7                     l1052 00F1                     l1044 00EA  
                   l1036 00DE                     l1028 00D2                     l1070 00FC  
                   l1062 00F8                     l1054 00F2                     l1046 00EB  
                   l1038 00DF                     l1080 0106                     l1072 00FD  
                   l1064 00F9                     l1056 00F4                     l1048 00EF  
                   l1090 0113                     l1082 010A                     l1074 00FE  
                   l1066 00FA                     l1058 00F6                     l1092 0114  
                   l1084 010D                     l1076 00FF                     l1068 00FB  
                   PORTD 0008                     PORTE 0009                     l1086 010E  
                   l1078 0103                     l1094 0116                     l1088 010F  
                   l1096 011D                     l1098 0120                     _ADIF 0066  
                   ?_isr 0070                     _T0IF 005A                     _IOCB 0096  
                   _RBIF 0058                     i1l85 005E                     i1l95 00C9  
                   i1l88 0077                     _TMR0 0001                     _WPUB 0095  
                   _main 0116                     btemp 007E                     start 000E  
                  ??_ADC 0072                    ??_isr 0076                    ?_main 0070  
                  _ANSEL 0188                    i1l115 0198                    i1l125 0161  
                  i1l890 0194                    i1l970 0042                    i1l980 0062  
                  i1l972 004E                    i1l886 0182                    i1l894 013C  
                  i1l990 007B                    i1l982 0068                    i1l974 0051  
                  i1l888 018D                    i1l896 0151                    i1l992 0081  
                  i1l984 006A                    i1l976 0055                    i1l968 003C  
                  i1l898 015D                    i1l994 0083                    i1l986 006E  
                  i1l978 0059                    i1l996 0087                    i1l988 0072  
                  i1l998 0088                    _VCFG0 04FC                    _VCFG1 04FD  
                  u20_20 0062                    u20_21 0061                    u21_20 0068  
                  u21_21 0067                    u22_20 0072                    u22_21 0071  
                  u23_20 007B                    u23_21 007A                    u16_20 0144  
                  u24_20 0081                    u24_21 0080                    u25_20 008C  
                  u17_20 0042                    u25_21 008B                    u17_21 0041  
                  u26_20 0092                    u18_20 0055                    u26_21 0091  
                  u18_21 0054                    u27_20 00AA                    u19_20 0059  
                  u27_21 00A9                    u19_21 0058                    _PORTA 0005  
                  _PORTB 0006                    _PORTC 0007                    _PORTD 0008  
                  _PORTE 0009                    u28_25 00B1                    _TRISA 0085  
                  _TRISB 0086                    _TRISC 0087                    _TRISD 0088  
                  _TRISE 0089                    _setup 00D2                    pclath 000A  
           _ADRESH_TEMP1 007B                    status 0003                    wtemp0 007E  
        __initialization 0011             __end_of_main 013C                   ??_main 00C0  
              ADC@salida 0074                   _ADRESH 001E                   ?_setup 0070  
                 _ANSELH 0189                   i1l1000 008C                   i1l1010 00AA  
                 i1l1002 008D                   i1l1012 00AC                   i1l1004 0092  
                 i1l1014 00C6                   i1l1006 0094                   i1l1016 00C8  
                 i1l1008 00A4                   _Decena 005A                   _Unidad 005C  
                 _antir1 0058                   _antir2 0056                   saved_w 007E  
__end_of__initialization 0038           __pcstackCOMMON 0070             __pidataBANK0 0199  
           __pidataBANK1 0162            __end_of_setup 0116           _OPTION_REGbits 0081  
             ADC@channel 0070                  ??_setup 00C0               __pbssBANK0 0056  
             __pmaintext 0116               __pintentry 0004            ??_BCH_DISPLAY 0072  
   BCH_DISPLAY@conversor 0040                  __ptext1 00D2                  __ptext2 003C  
                __ptext3 013C                  __ptext4 0182             __size_of_ADC 0017  
           __size_of_isr 0096      __end_of_BCH_DISPLAY 0162     end_of_initialization 0038  
              _PORTAbits 0005                _PORTBbits 0006              _BCH_DISPLAY 013C  
    start_initialization 0011              __end_of_ADC 0199              __end_of_isr 00D2  
             init_fetch0 01AD              __pdataBANK0 0042              __pdataBANK1 00A0  
            __pbssCOMMON 007B                ___latbits 0002            __pcstackBANK0 0020  
          __pcstackBANK1 00C0           __size_of_setup 0044        interrupt_function 0004  
               _PIE1bits 008C                 _PIR1bits 000C               _ADCON0bits 001F  
             _ADCON1bits 009F                 _Banderas 005E       BCH_DISPLAY@DISPLAY 0020  
           ?_BCH_DISPLAY 0070            __size_of_main 0026         BCD_DISPLAY@F1449 0042  
             _INTCONbits 000B                 init_ram0 01B1                 intlevel1 0000  
             _OSCCONbits 008F         BCH_DISPLAY@F1449 00A0         BCH_DISPLAY@valor 0070  
